0 verbose cli /opt/homebrew/Cellar/node/22.2.0/bin/node /opt/homebrew/bin/npm
1 info using npm@10.7.0
2 info using node@v22.2.0
3 silly config:load:file:/opt/homebrew/lib/node_modules/npm/npmrc
4 silly config:load:file:/Users/simondevisch/Library/Caches/typescript/5.4/.npmrc
5 silly config:load:file:/Users/simondevisch/.npmrc
6 silly config:load:file:/opt/homebrew/etc/npmrc
7 verbose title npm install types-registry@latest
8 verbose argv "install" "--ignore-scripts" "types-registry@latest"
9 verbose logfile logs-max:10 dir:/Users/simondevisch/.npm/_logs/2024-06-13T07_53_19_259Z-
10 verbose logfile /Users/simondevisch/.npm/_logs/2024-06-13T07_53_19_259Z-debug-0.log
11 silly logfile start cleaning logs, removing 1 files
12 silly logfile done cleaning log files
13 http fetch GET https://registry.npmjs.org/types-registry attempt 1 failed with ENOTFOUND
14 http fetch GET https://registry.npmjs.org/types-registry attempt 2 failed with ENOTFOUND
15 http fetch GET https://registry.npmjs.org/types-registry attempt 3 failed with ENOTFOUND
16 http fetch GET 200 https://registry.npmjs.org/types-registry 160097ms (cache stale)
17 silly idealTree buildDeps
18 silly fetch manifest types-registry@0.1.685
19 silly placeDep ROOT types-registry@0.1.685 REPLACE for:  want: 0.1.685
20 silly reify moves {}
21 silly audit bulk request {
21 silly audit   '@types/angular': [ '1.8.9' ],
21 silly audit   '@types/body-parser': [ '1.19.5' ],
21 silly audit   '@types/chai': [ '4.3.16' ],
21 silly audit   '@types/co': [ '4.6.6' ],
21 silly audit   '@types/connect': [ '3.4.38' ],
21 silly audit   '@types/cors': [ '2.8.17' ],
21 silly audit   '@types/d': [ '1.0.4' ],
21 silly audit   '@types/db.js': [ '0.14.12' ],
21 silly audit   '@types/estree': [ '1.0.5' ],
21 silly audit   '@types/express': [ '4.17.21' ],
21 silly audit   '@types/express-serve-static-core': [ '4.19.1' ],
21 silly audit   '@types/he': [ '1.2.3' ],
21 silly audit   '@types/http-errors': [ '2.0.4' ],
21 silly audit   '@types/mime': [ '1.3.5' ],
21 silly audit   '@types/morgan': [ '1.9.9' ],
21 silly audit   '@types/node': [ '20.12.12' ],
21 silly audit   '@types/nodemon': [ '1.19.6' ],
21 silly audit   '@types/qs': [ '6.9.15' ],
21 silly audit   '@types/range-parser': [ '1.2.7' ],
21 silly audit   '@types/send': [ '0.17.4' ],
21 silly audit   '@types/serve-static': [ '1.15.7' ],
21 silly audit   '@types/supports-color': [ '8.1.3' ],
21 silly audit   '@types/validator': [ '13.11.9' ],
21 silly audit   'undici-types': [ '5.26.5' ],
21 silly audit   'types-registry': [ '0.1.685' ]
21 silly audit }
22 silly audit bulk request failed undefined
23 verbose audit error FetchError: request to https://registry.npmjs.org/-/npm/v1/security/audits/quick failed, reason: getaddrinfo ENOTFOUND registry.npmjs.org
23 verbose audit error     at ClientRequest.<anonymous> (/opt/homebrew/lib/node_modules/npm/node_modules/minipass-fetch/lib/index.js:130:14)
23 verbose audit error     at ClientRequest.emit (node:events:520:28)
23 verbose audit error     at _destroy (node:_http_client:882:13)
23 verbose audit error     at onSocketNT (node:_http_client:902:5)
23 verbose audit error     at process.processTicksAndRejections (node:internal/process/task_queues:83:21) {
23 verbose audit error   code: 'ENOTFOUND',
23 verbose audit error   errno: 'ENOTFOUND',
23 verbose audit error   syscall: 'getaddrinfo',
23 verbose audit error   hostname: 'registry.npmjs.org',
23 verbose audit error   type: 'system'
23 verbose audit error }
24 silly audit error undefined
25 silly audit report null
26 verbose exit 0
27 info ok
