0 verbose cli /opt/homebrew/Cellar/node/22.2.0/bin/node /opt/homebrew/bin/npm
1 info using npm@10.7.0
2 info using node@v22.2.0
3 silly config:load:file:/opt/homebrew/lib/node_modules/npm/npmrc
4 silly config:load:file:/Users/simondevisch/Library/Caches/typescript/5.4/.npmrc
5 silly config:load:file:/Users/simondevisch/.npmrc
6 silly config:load:file:/opt/homebrew/etc/npmrc
7 verbose title npm install types-registry@latest
8 verbose argv "install" "--ignore-scripts" "types-registry@latest"
9 verbose logfile logs-max:10 dir:/Users/simondevisch/.npm/_logs/2024-06-13T07_47_29_295Z-
10 verbose logfile /Users/simondevisch/.npm/_logs/2024-06-13T07_47_29_295Z-debug-0.log
11 silly logfile start cleaning logs, removing 1 files
12 silly logfile done cleaning log files
13 http fetch GET 200 https://registry.npmjs.org/types-registry 127ms (cache revalidated)
14 silly idealTree buildDeps
15 silly fetch manifest types-registry@0.1.685
16 silly placeDep ROOT types-registry@0.1.685 REPLACE for:  want: 0.1.685
17 silly reify moves {}
18 silly audit bulk request {
18 silly audit   '@types/angular': [ '1.8.9' ],
18 silly audit   '@types/body-parser': [ '1.19.5' ],
18 silly audit   '@types/chai': [ '4.3.16' ],
18 silly audit   '@types/co': [ '4.6.6' ],
18 silly audit   '@types/connect': [ '3.4.38' ],
18 silly audit   '@types/cors': [ '2.8.17' ],
18 silly audit   '@types/d': [ '1.0.4' ],
18 silly audit   '@types/db.js': [ '0.14.12' ],
18 silly audit   '@types/estree': [ '1.0.5' ],
18 silly audit   '@types/express': [ '4.17.21' ],
18 silly audit   '@types/express-serve-static-core': [ '4.19.1' ],
18 silly audit   '@types/he': [ '1.2.3' ],
18 silly audit   '@types/http-errors': [ '2.0.4' ],
18 silly audit   '@types/mime': [ '1.3.5' ],
18 silly audit   '@types/morgan': [ '1.9.9' ],
18 silly audit   '@types/node': [ '20.12.12' ],
18 silly audit   '@types/nodemon': [ '1.19.6' ],
18 silly audit   '@types/qs': [ '6.9.15' ],
18 silly audit   '@types/range-parser': [ '1.2.7' ],
18 silly audit   '@types/send': [ '0.17.4' ],
18 silly audit   '@types/serve-static': [ '1.15.7' ],
18 silly audit   '@types/supports-color': [ '8.1.3' ],
18 silly audit   '@types/validator': [ '13.11.9' ],
18 silly audit   'undici-types': [ '5.26.5' ],
18 silly audit   'types-registry': [ '0.1.685' ]
18 silly audit }
19 http fetch POST 200 https://registry.npmjs.org/-/npm/v1/security/advisories/bulk 174ms
20 silly audit report {}
21 verbose exit 0
22 info ok
