0 verbose cli /opt/homebrew/Cellar/node/22.2.0/bin/node /opt/homebrew/bin/npm
1 info using npm@10.7.0
2 info using node@v22.2.0
3 silly config:load:file:/opt/homebrew/lib/node_modules/npm/npmrc
4 silly config:load:file:/Users/simondevisch/Downloads/berghofferia-50cbed880fb2c0d41ee05d437a17fbe85c955289/.npmrc
5 silly config:load:file:/Users/simondevisch/.npmrc
6 silly config:load:file:/opt/homebrew/etc/npmrc
7 verbose title npm i
8 verbose argv "i"
9 verbose logfile logs-max:10 dir:/Users/simondevisch/.npm/_logs/2024-06-13T08_22_17_675Z-
10 verbose logfile /Users/simondevisch/.npm/_logs/2024-06-13T08_22_17_675Z-debug-0.log
11 silly logfile start cleaning logs, removing 1 files
12 silly logfile done cleaning log files
13 silly idealTree buildDeps
14 silly reify moves {}
15 silly audit bulk request {
15 silly audit   '@esbuild/aix-ppc64': [ '0.20.2' ],
15 silly audit   '@esbuild/android-arm': [ '0.20.2' ],
15 silly audit   '@esbuild/android-arm64': [ '0.20.2' ],
15 silly audit   '@esbuild/android-x64': [ '0.20.2' ],
15 silly audit   '@esbuild/darwin-arm64': [ '0.20.2' ],
15 silly audit   '@esbuild/darwin-x64': [ '0.20.2' ],
15 silly audit   '@esbuild/freebsd-arm64': [ '0.20.2' ],
15 silly audit   '@esbuild/freebsd-x64': [ '0.20.2' ],
15 silly audit   '@esbuild/linux-arm': [ '0.20.2' ],
15 silly audit   '@esbuild/linux-arm64': [ '0.20.2' ],
15 silly audit   '@esbuild/linux-ia32': [ '0.20.2' ],
15 silly audit   '@esbuild/linux-loong64': [ '0.20.2' ],
15 silly audit   '@esbuild/linux-mips64el': [ '0.20.2' ],
15 silly audit   '@esbuild/linux-ppc64': [ '0.20.2' ],
15 silly audit   '@esbuild/linux-riscv64': [ '0.20.2' ],
15 silly audit   '@esbuild/linux-s390x': [ '0.20.2' ],
15 silly audit   '@esbuild/linux-x64': [ '0.20.2' ],
15 silly audit   '@esbuild/netbsd-x64': [ '0.20.2' ],
15 silly audit   '@esbuild/openbsd-x64': [ '0.20.2' ],
15 silly audit   '@esbuild/sunos-x64': [ '0.20.2' ],
15 silly audit   '@esbuild/win32-arm64': [ '0.20.2' ],
15 silly audit   '@esbuild/win32-ia32': [ '0.20.2' ],
15 silly audit   '@esbuild/win32-x64': [ '0.20.2' ],
15 silly audit   '@rollup/rollup-android-arm-eabi': [ '4.18.0' ],
15 silly audit   '@rollup/rollup-android-arm64': [ '4.18.0' ],
15 silly audit   '@rollup/rollup-darwin-arm64': [ '4.18.0' ],
15 silly audit   '@rollup/rollup-darwin-x64': [ '4.18.0' ],
15 silly audit   '@rollup/rollup-linux-arm-gnueabihf': [ '4.18.0' ],
15 silly audit   '@rollup/rollup-linux-arm-musleabihf': [ '4.18.0' ],
15 silly audit   '@rollup/rollup-linux-arm64-gnu': [ '4.18.0' ],
15 silly audit   '@rollup/rollup-linux-arm64-musl': [ '4.18.0' ],
15 silly audit   '@rollup/rollup-linux-powerpc64le-gnu': [ '4.18.0' ],
15 silly audit   '@rollup/rollup-linux-riscv64-gnu': [ '4.18.0' ],
15 silly audit   '@rollup/rollup-linux-s390x-gnu': [ '4.18.0' ],
15 silly audit   '@rollup/rollup-linux-x64-gnu': [ '4.18.0' ],
15 silly audit   '@rollup/rollup-linux-x64-musl': [ '4.18.0' ],
15 silly audit   '@rollup/rollup-win32-arm64-msvc': [ '4.18.0' ],
15 silly audit   '@rollup/rollup-win32-ia32-msvc': [ '4.18.0' ],
15 silly audit   '@rollup/rollup-win32-x64-msvc': [ '4.18.0' ],
15 silly audit   '@types/estree': [ '1.0.5' ],
15 silly audit   esbuild: [ '0.20.2' ],
15 silly audit   fsevents: [ '2.3.3' ],
15 silly audit   nanoid: [ '3.3.7' ],
15 silly audit   picocolors: [ '1.0.1' ],
15 silly audit   postcss: [ '8.4.38' ],
15 silly audit   rollup: [ '4.18.0' ],
15 silly audit   'source-map-js': [ '1.2.0' ],
15 silly audit   vite: [ '5.2.12' ]
15 silly audit }
16 verbose reify failed optional dependency /Users/simondevisch/Downloads/berghofferia-50cbed880fb2c0d41ee05d437a17fbe85c955289/node_modules/@rollup/rollup-win32-x64-msvc
17 silly reify mark deleted [
17 silly reify   '/Users/simondevisch/Downloads/berghofferia-50cbed880fb2c0d41ee05d437a17fbe85c955289/node_modules/@rollup/rollup-win32-x64-msvc'
17 silly reify ]
18 verbose reify failed optional dependency /Users/simondevisch/Downloads/berghofferia-50cbed880fb2c0d41ee05d437a17fbe85c955289/node_modules/@rollup/rollup-win32-ia32-msvc
19 silly reify mark deleted [
19 silly reify   '/Users/simondevisch/Downloads/berghofferia-50cbed880fb2c0d41ee05d437a17fbe85c955289/node_modules/@rollup/rollup-win32-ia32-msvc'
19 silly reify ]
20 verbose reify failed optional dependency /Users/simondevisch/Downloads/berghofferia-50cbed880fb2c0d41ee05d437a17fbe85c955289/node_modules/@rollup/rollup-win32-arm64-msvc
21 silly reify mark deleted [
21 silly reify   '/Users/simondevisch/Downloads/berghofferia-50cbed880fb2c0d41ee05d437a17fbe85c955289/node_modules/@rollup/rollup-win32-arm64-msvc'
21 silly reify ]
22 verbose reify failed optional dependency /Users/simondevisch/Downloads/berghofferia-50cbed880fb2c0d41ee05d437a17fbe85c955289/node_modules/@rollup/rollup-linux-x64-musl
23 silly reify mark deleted [
23 silly reify   '/Users/simondevisch/Downloads/berghofferia-50cbed880fb2c0d41ee05d437a17fbe85c955289/node_modules/@rollup/rollup-linux-x64-musl'
23 silly reify ]
24 verbose reify failed optional dependency /Users/simondevisch/Downloads/berghofferia-50cbed880fb2c0d41ee05d437a17fbe85c955289/node_modules/@rollup/rollup-linux-x64-gnu
25 silly reify mark deleted [
25 silly reify   '/Users/simondevisch/Downloads/berghofferia-50cbed880fb2c0d41ee05d437a17fbe85c955289/node_modules/@rollup/rollup-linux-x64-gnu'
25 silly reify ]
26 verbose reify failed optional dependency /Users/simondevisch/Downloads/berghofferia-50cbed880fb2c0d41ee05d437a17fbe85c955289/node_modules/@rollup/rollup-linux-s390x-gnu
27 silly reify mark deleted [
27 silly reify   '/Users/simondevisch/Downloads/berghofferia-50cbed880fb2c0d41ee05d437a17fbe85c955289/node_modules/@rollup/rollup-linux-s390x-gnu'
27 silly reify ]
28 verbose reify failed optional dependency /Users/simondevisch/Downloads/berghofferia-50cbed880fb2c0d41ee05d437a17fbe85c955289/node_modules/@rollup/rollup-linux-riscv64-gnu
29 silly reify mark deleted [
29 silly reify   '/Users/simondevisch/Downloads/berghofferia-50cbed880fb2c0d41ee05d437a17fbe85c955289/node_modules/@rollup/rollup-linux-riscv64-gnu'
29 silly reify ]
30 verbose reify failed optional dependency /Users/simondevisch/Downloads/berghofferia-50cbed880fb2c0d41ee05d437a17fbe85c955289/node_modules/@rollup/rollup-linux-powerpc64le-gnu
31 silly reify mark deleted [
31 silly reify   '/Users/simondevisch/Downloads/berghofferia-50cbed880fb2c0d41ee05d437a17fbe85c955289/node_modules/@rollup/rollup-linux-powerpc64le-gnu'
31 silly reify ]
32 verbose reify failed optional dependency /Users/simondevisch/Downloads/berghofferia-50cbed880fb2c0d41ee05d437a17fbe85c955289/node_modules/@rollup/rollup-linux-arm64-musl
33 silly reify mark deleted [
33 silly reify   '/Users/simondevisch/Downloads/berghofferia-50cbed880fb2c0d41ee05d437a17fbe85c955289/node_modules/@rollup/rollup-linux-arm64-musl'
33 silly reify ]
34 verbose reify failed optional dependency /Users/simondevisch/Downloads/berghofferia-50cbed880fb2c0d41ee05d437a17fbe85c955289/node_modules/@rollup/rollup-linux-arm64-gnu
35 silly reify mark deleted [
35 silly reify   '/Users/simondevisch/Downloads/berghofferia-50cbed880fb2c0d41ee05d437a17fbe85c955289/node_modules/@rollup/rollup-linux-arm64-gnu'
35 silly reify ]
36 verbose reify failed optional dependency /Users/simondevisch/Downloads/berghofferia-50cbed880fb2c0d41ee05d437a17fbe85c955289/node_modules/@rollup/rollup-linux-arm-musleabihf
37 silly reify mark deleted [
37 silly reify   '/Users/simondevisch/Downloads/berghofferia-50cbed880fb2c0d41ee05d437a17fbe85c955289/node_modules/@rollup/rollup-linux-arm-musleabihf'
37 silly reify ]
38 verbose reify failed optional dependency /Users/simondevisch/Downloads/berghofferia-50cbed880fb2c0d41ee05d437a17fbe85c955289/node_modules/@rollup/rollup-linux-arm-gnueabihf
39 silly reify mark deleted [
39 silly reify   '/Users/simondevisch/Downloads/berghofferia-50cbed880fb2c0d41ee05d437a17fbe85c955289/node_modules/@rollup/rollup-linux-arm-gnueabihf'
39 silly reify ]
40 verbose reify failed optional dependency /Users/simondevisch/Downloads/berghofferia-50cbed880fb2c0d41ee05d437a17fbe85c955289/node_modules/@rollup/rollup-darwin-x64
41 silly reify mark deleted [
41 silly reify   '/Users/simondevisch/Downloads/berghofferia-50cbed880fb2c0d41ee05d437a17fbe85c955289/node_modules/@rollup/rollup-darwin-x64'
41 silly reify ]
42 verbose reify failed optional dependency /Users/simondevisch/Downloads/berghofferia-50cbed880fb2c0d41ee05d437a17fbe85c955289/node_modules/@rollup/rollup-android-arm64
43 silly reify mark deleted [
43 silly reify   '/Users/simondevisch/Downloads/berghofferia-50cbed880fb2c0d41ee05d437a17fbe85c955289/node_modules/@rollup/rollup-android-arm64'
43 silly reify ]
44 verbose reify failed optional dependency /Users/simondevisch/Downloads/berghofferia-50cbed880fb2c0d41ee05d437a17fbe85c955289/node_modules/@rollup/rollup-android-arm-eabi
45 silly reify mark deleted [
45 silly reify   '/Users/simondevisch/Downloads/berghofferia-50cbed880fb2c0d41ee05d437a17fbe85c955289/node_modules/@rollup/rollup-android-arm-eabi'
45 silly reify ]
46 verbose reify failed optional dependency /Users/simondevisch/Downloads/berghofferia-50cbed880fb2c0d41ee05d437a17fbe85c955289/node_modules/@esbuild/win32-x64
47 silly reify mark deleted [
47 silly reify   '/Users/simondevisch/Downloads/berghofferia-50cbed880fb2c0d41ee05d437a17fbe85c955289/node_modules/@esbuild/win32-x64'
47 silly reify ]
48 verbose reify failed optional dependency /Users/simondevisch/Downloads/berghofferia-50cbed880fb2c0d41ee05d437a17fbe85c955289/node_modules/@esbuild/win32-ia32
49 silly reify mark deleted [
49 silly reify   '/Users/simondevisch/Downloads/berghofferia-50cbed880fb2c0d41ee05d437a17fbe85c955289/node_modules/@esbuild/win32-ia32'
49 silly reify ]
50 verbose reify failed optional dependency /Users/simondevisch/Downloads/berghofferia-50cbed880fb2c0d41ee05d437a17fbe85c955289/node_modules/@esbuild/win32-arm64
51 silly reify mark deleted [
51 silly reify   '/Users/simondevisch/Downloads/berghofferia-50cbed880fb2c0d41ee05d437a17fbe85c955289/node_modules/@esbuild/win32-arm64'
51 silly reify ]
52 verbose reify failed optional dependency /Users/simondevisch/Downloads/berghofferia-50cbed880fb2c0d41ee05d437a17fbe85c955289/node_modules/@esbuild/sunos-x64
53 silly reify mark deleted [
53 silly reify   '/Users/simondevisch/Downloads/berghofferia-50cbed880fb2c0d41ee05d437a17fbe85c955289/node_modules/@esbuild/sunos-x64'
53 silly reify ]
54 verbose reify failed optional dependency /Users/simondevisch/Downloads/berghofferia-50cbed880fb2c0d41ee05d437a17fbe85c955289/node_modules/@esbuild/openbsd-x64
55 silly reify mark deleted [
55 silly reify   '/Users/simondevisch/Downloads/berghofferia-50cbed880fb2c0d41ee05d437a17fbe85c955289/node_modules/@esbuild/openbsd-x64'
55 silly reify ]
56 verbose reify failed optional dependency /Users/simondevisch/Downloads/berghofferia-50cbed880fb2c0d41ee05d437a17fbe85c955289/node_modules/@esbuild/netbsd-x64
57 silly reify mark deleted [
57 silly reify   '/Users/simondevisch/Downloads/berghofferia-50cbed880fb2c0d41ee05d437a17fbe85c955289/node_modules/@esbuild/netbsd-x64'
57 silly reify ]
58 verbose reify failed optional dependency /Users/simondevisch/Downloads/berghofferia-50cbed880fb2c0d41ee05d437a17fbe85c955289/node_modules/@esbuild/linux-x64
59 silly reify mark deleted [
59 silly reify   '/Users/simondevisch/Downloads/berghofferia-50cbed880fb2c0d41ee05d437a17fbe85c955289/node_modules/@esbuild/linux-x64'
59 silly reify ]
60 verbose reify failed optional dependency /Users/simondevisch/Downloads/berghofferia-50cbed880fb2c0d41ee05d437a17fbe85c955289/node_modules/@esbuild/linux-s390x
61 silly reify mark deleted [
61 silly reify   '/Users/simondevisch/Downloads/berghofferia-50cbed880fb2c0d41ee05d437a17fbe85c955289/node_modules/@esbuild/linux-s390x'
61 silly reify ]
62 verbose reify failed optional dependency /Users/simondevisch/Downloads/berghofferia-50cbed880fb2c0d41ee05d437a17fbe85c955289/node_modules/@esbuild/linux-riscv64
63 silly reify mark deleted [
63 silly reify   '/Users/simondevisch/Downloads/berghofferia-50cbed880fb2c0d41ee05d437a17fbe85c955289/node_modules/@esbuild/linux-riscv64'
63 silly reify ]
64 verbose reify failed optional dependency /Users/simondevisch/Downloads/berghofferia-50cbed880fb2c0d41ee05d437a17fbe85c955289/node_modules/@esbuild/linux-ppc64
65 silly reify mark deleted [
65 silly reify   '/Users/simondevisch/Downloads/berghofferia-50cbed880fb2c0d41ee05d437a17fbe85c955289/node_modules/@esbuild/linux-ppc64'
65 silly reify ]
66 verbose reify failed optional dependency /Users/simondevisch/Downloads/berghofferia-50cbed880fb2c0d41ee05d437a17fbe85c955289/node_modules/@esbuild/linux-mips64el
67 silly reify mark deleted [
67 silly reify   '/Users/simondevisch/Downloads/berghofferia-50cbed880fb2c0d41ee05d437a17fbe85c955289/node_modules/@esbuild/linux-mips64el'
67 silly reify ]
68 verbose reify failed optional dependency /Users/simondevisch/Downloads/berghofferia-50cbed880fb2c0d41ee05d437a17fbe85c955289/node_modules/@esbuild/linux-loong64
69 silly reify mark deleted [
69 silly reify   '/Users/simondevisch/Downloads/berghofferia-50cbed880fb2c0d41ee05d437a17fbe85c955289/node_modules/@esbuild/linux-loong64'
69 silly reify ]
70 verbose reify failed optional dependency /Users/simondevisch/Downloads/berghofferia-50cbed880fb2c0d41ee05d437a17fbe85c955289/node_modules/@esbuild/linux-ia32
71 silly reify mark deleted [
71 silly reify   '/Users/simondevisch/Downloads/berghofferia-50cbed880fb2c0d41ee05d437a17fbe85c955289/node_modules/@esbuild/linux-ia32'
71 silly reify ]
72 verbose reify failed optional dependency /Users/simondevisch/Downloads/berghofferia-50cbed880fb2c0d41ee05d437a17fbe85c955289/node_modules/@esbuild/linux-arm64
73 silly reify mark deleted [
73 silly reify   '/Users/simondevisch/Downloads/berghofferia-50cbed880fb2c0d41ee05d437a17fbe85c955289/node_modules/@esbuild/linux-arm64'
73 silly reify ]
74 verbose reify failed optional dependency /Users/simondevisch/Downloads/berghofferia-50cbed880fb2c0d41ee05d437a17fbe85c955289/node_modules/@esbuild/linux-arm
75 silly reify mark deleted [
75 silly reify   '/Users/simondevisch/Downloads/berghofferia-50cbed880fb2c0d41ee05d437a17fbe85c955289/node_modules/@esbuild/linux-arm'
75 silly reify ]
76 verbose reify failed optional dependency /Users/simondevisch/Downloads/berghofferia-50cbed880fb2c0d41ee05d437a17fbe85c955289/node_modules/@esbuild/freebsd-x64
77 silly reify mark deleted [
77 silly reify   '/Users/simondevisch/Downloads/berghofferia-50cbed880fb2c0d41ee05d437a17fbe85c955289/node_modules/@esbuild/freebsd-x64'
77 silly reify ]
78 verbose reify failed optional dependency /Users/simondevisch/Downloads/berghofferia-50cbed880fb2c0d41ee05d437a17fbe85c955289/node_modules/@esbuild/freebsd-arm64
79 silly reify mark deleted [
79 silly reify   '/Users/simondevisch/Downloads/berghofferia-50cbed880fb2c0d41ee05d437a17fbe85c955289/node_modules/@esbuild/freebsd-arm64'
79 silly reify ]
80 verbose reify failed optional dependency /Users/simondevisch/Downloads/berghofferia-50cbed880fb2c0d41ee05d437a17fbe85c955289/node_modules/@esbuild/darwin-x64
81 silly reify mark deleted [
81 silly reify   '/Users/simondevisch/Downloads/berghofferia-50cbed880fb2c0d41ee05d437a17fbe85c955289/node_modules/@esbuild/darwin-x64'
81 silly reify ]
82 verbose reify failed optional dependency /Users/simondevisch/Downloads/berghofferia-50cbed880fb2c0d41ee05d437a17fbe85c955289/node_modules/@esbuild/android-x64
83 silly reify mark deleted [
83 silly reify   '/Users/simondevisch/Downloads/berghofferia-50cbed880fb2c0d41ee05d437a17fbe85c955289/node_modules/@esbuild/android-x64'
83 silly reify ]
84 verbose reify failed optional dependency /Users/simondevisch/Downloads/berghofferia-50cbed880fb2c0d41ee05d437a17fbe85c955289/node_modules/@esbuild/android-arm64
85 silly reify mark deleted [
85 silly reify   '/Users/simondevisch/Downloads/berghofferia-50cbed880fb2c0d41ee05d437a17fbe85c955289/node_modules/@esbuild/android-arm64'
85 silly reify ]
86 verbose reify failed optional dependency /Users/simondevisch/Downloads/berghofferia-50cbed880fb2c0d41ee05d437a17fbe85c955289/node_modules/@esbuild/android-arm
87 silly reify mark deleted [
87 silly reify   '/Users/simondevisch/Downloads/berghofferia-50cbed880fb2c0d41ee05d437a17fbe85c955289/node_modules/@esbuild/android-arm'
87 silly reify ]
88 verbose reify failed optional dependency /Users/simondevisch/Downloads/berghofferia-50cbed880fb2c0d41ee05d437a17fbe85c955289/node_modules/@esbuild/aix-ppc64
89 silly reify mark deleted [
89 silly reify   '/Users/simondevisch/Downloads/berghofferia-50cbed880fb2c0d41ee05d437a17fbe85c955289/node_modules/@esbuild/aix-ppc64'
89 silly reify ]
90 info run esbuild@0.20.2 postinstall node_modules/esbuild node install.js
91 info run esbuild@0.20.2 postinstall { code: 0, signal: null }
92 http fetch POST 200 https://registry.npmjs.org/-/npm/v1/security/advisories/bulk 388ms
93 silly audit report {}
94 silly ADD node_modules/vite
95 silly ADD node_modules/source-map-js
96 silly ADD node_modules/rollup
97 silly ADD node_modules/postcss
98 silly ADD node_modules/picocolors
99 silly ADD node_modules/nanoid
100 silly ADD node_modules/fsevents
101 silly ADD node_modules/esbuild
102 silly ADD node_modules/@types/estree
103 silly ADD
104 silly ADD
105 silly ADD
106 silly ADD
107 silly ADD
108 silly ADD
109 silly ADD
110 silly ADD
111 silly ADD
112 silly ADD
113 silly ADD
114 silly ADD
115 silly ADD
116 silly ADD node_modules/@rollup/rollup-darwin-arm64
117 silly ADD
118 silly ADD
119 silly ADD
120 silly ADD
121 silly ADD
122 silly ADD
123 silly ADD
124 silly ADD
125 silly ADD
126 silly ADD
127 silly ADD
128 silly ADD
129 silly ADD
130 silly ADD
131 silly ADD
132 silly ADD
133 silly ADD
134 silly ADD
135 silly ADD
136 silly ADD
137 silly ADD node_modules/@esbuild/darwin-arm64
138 silly ADD
139 silly ADD
140 silly ADD
141 silly ADD
142 verbose exit 0
143 info ok
